0 info it worked if it ends with ok
1 verbose cli [ '/usr/local/bin/node', '/usr/local/bin/npm', 'start' ]
2 info using npm@3.6.0
3 info using node@v6.0.0-pre
4 verbose run-script [ 'prestart', 'start', 'poststart' ]
5 info lifecycle solitaire@1.0.0~prestart: solitaire@1.0.0
6 silly lifecycle solitaire@1.0.0~prestart: no script for prestart, continuing
7 info lifecycle solitaire@1.0.0~start: solitaire@1.0.0
8 verbose lifecycle solitaire@1.0.0~start: unsafe-perm in lifecycle true
9 verbose lifecycle solitaire@1.0.0~start: PATH: /usr/local/lib/node_modules/npm/bin/node-gyp-bin:/var/www/html/Experiments/Solitaire/node_modules/.bin:/usr/local/sbin:/usr/local/bin:/usr/sbin:/usr/bin:/sbin:/bin:/usr/games:/usr/local/games:/home/admin1/.rvm/bin:/home/admin1/.rvm/bin
10 verbose lifecycle solitaire@1.0.0~start: CWD: /var/www/html/Experiments/Solitaire
11 silly lifecycle solitaire@1.0.0~start: Args: [ '-c', 'node js/node/server.js' ]
12 silly lifecycle solitaire@1.0.0~start: Returned: code: 1  signal: null
13 info lifecycle solitaire@1.0.0~start: Failed to exec start script
14 verbose stack Error: solitaire@1.0.0 start: `node js/node/server.js`
14 verbose stack Exit status 1
14 verbose stack     at EventEmitter.<anonymous> (/usr/local/lib/node_modules/npm/lib/utils/lifecycle.js:232:16)
14 verbose stack     at emitTwo (events.js:101:13)
14 verbose stack     at EventEmitter.emit (events.js:186:7)
14 verbose stack     at ChildProcess.<anonymous> (/usr/local/lib/node_modules/npm/lib/utils/spawn.js:24:14)
14 verbose stack     at emitTwo (events.js:101:13)
14 verbose stack     at ChildProcess.emit (events.js:186:7)
14 verbose stack     at maybeClose (internal/child_process.js:850:16)
14 verbose stack     at Process.ChildProcess._handle.onexit (internal/child_process.js:215:5)
15 verbose pkgid solitaire@1.0.0
16 verbose cwd /var/www/html/Experiments/Solitaire
17 error Linux 3.16.0-57-generic
18 error argv "/usr/local/bin/node" "/usr/local/bin/npm" "start"
19 error node v6.0.0-pre
20 error npm  v3.6.0
21 error code ELIFECYCLE
22 error solitaire@1.0.0 start: `node js/node/server.js`
22 error Exit status 1
23 error Failed at the solitaire@1.0.0 start script 'node js/node/server.js'.
23 error Make sure you have the latest version of node.js and npm installed.
23 error If you do, this is most likely a problem with the solitaire package,
23 error not with npm itself.
23 error Tell the author that this fails on your system:
23 error     node js/node/server.js
23 error You can get information on how to open an issue for this project with:
23 error     npm bugs solitaire
23 error Or if that isn't available, you can get their info via:
23 error     npm owner ls solitaire
23 error There is likely additional logging output above.
24 verbose exit [ 1, true ]
